<?xml version="1.0" encoding="UTF-8"?>
<testng-results skipped="0" failed="0" ignored="0" total="1" passed="1">
  <reporter-output>
  </reporter-output>
  <suite name="Default suite" duration-ms="35352" started-at="2019-03-10T07:20:17Z" finished-at="2019-03-10T07:20:52Z">
    <groups>
    </groups>
    <test name="Default test" duration-ms="35352" started-at="2019-03-10T07:20:17Z" finished-at="2019-03-10T07:20:52Z">
      <class name="com.qa.crm.testcases.HomePageTest">
        <test-method status="PASS" signature="setUp()[pri:0, instance:com.qa.crm.testcases.HomePageTest@1794d431]" name="setUp" is-config="true" duration-ms="26899" started-at="2019-03-10T07:20:17Z" finished-at="2019-03-10T07:20:44Z">
          <reporter-output>
          </reporter-output>
        </test-method> <!-- setUp -->
        <test-method status="PASS" signature="verifyHomePageTitleTest()[pri:1, instance:com.qa.crm.testcases.HomePageTest@1794d431]" name="verifyHomePageTitleTest" duration-ms="4109" started-at="2019-03-10T07:20:44Z" finished-at="2019-03-10T07:20:48Z">
          <reporter-output>
          </reporter-output>
        </test-method> <!-- verifyHomePageTitleTest -->
        <test-method status="PASS" signature="tearDown()[pri:0, instance:com.qa.crm.testcases.HomePageTest@1794d431]" name="tearDown" is-config="true" duration-ms="4283" started-at="2019-03-10T07:20:48Z" finished-at="2019-03-10T07:20:52Z">
          <reporter-output>
          </reporter-output>
        </test-method> <!-- tearDown -->
      </class> <!-- com.qa.crm.testcases.HomePageTest -->
    </test> <!-- Default test -->
  </suite> <!-- Default suite -->
</testng-results>
