<?xml version="1.0" encoding="UTF-8"?>
<testng-results skipped="0" failed="0" ignored="0" total="12" passed="12">
  <reporter-output>
  </reporter-output>
  <suite name="Free CRM Application Test Automation Test Suite" duration-ms="430760" started-at="2019-03-13T08:19:28Z" finished-at="2019-03-13T08:26:39Z">
    <groups>
    </groups>
    <test name="Free CRM App Test Cases" duration-ms="430760" started-at="2019-03-13T08:19:28Z" finished-at="2019-03-13T08:26:39Z">
      <class name="com.qa.crm.testcases.ContactsPageTest">
        <test-method status="PASS" signature="setUp()[pri:0, instance:com.qa.crm.testcases.ContactsPageTest@4667ae56]" name="setUp" is-config="true" duration-ms="30895" started-at="2019-03-13T08:20:33Z" finished-at="2019-03-13T08:21:04Z">
          <reporter-output>
          </reporter-output>
        </test-method> <!-- setUp -->
        <test-method status="PASS" signature="verifyContactsPageLabel()[pri:1, instance:com.qa.crm.testcases.ContactsPageTest@4667ae56]" name="verifyContactsPageLabel" duration-ms="118" started-at="2019-03-13T08:21:04Z" finished-at="2019-03-13T08:21:04Z">
          <reporter-output>
          </reporter-output>
        </test-method> <!-- verifyContactsPageLabel -->
        <test-method status="PASS" signature="tearDown()[pri:0, instance:com.qa.crm.testcases.ContactsPageTest@4667ae56]" name="tearDown" is-config="true" duration-ms="3771" started-at="2019-03-13T08:21:04Z" finished-at="2019-03-13T08:21:08Z">
          <reporter-output>
          </reporter-output>
        </test-method> <!-- tearDown -->
        <test-method status="PASS" signature="setUp()[pri:0, instance:com.qa.crm.testcases.ContactsPageTest@4667ae56]" name="setUp" is-config="true" duration-ms="34111" started-at="2019-03-13T08:22:07Z" finished-at="2019-03-13T08:22:41Z">
          <reporter-output>
          </reporter-output>
        </test-method> <!-- setUp -->
        <test-method status="PASS" signature="selectSingleContactsTest()[pri:2, instance:com.qa.crm.testcases.ContactsPageTest@4667ae56]" name="selectSingleContactsTest" duration-ms="299" started-at="2019-03-13T08:22:41Z" finished-at="2019-03-13T08:22:41Z">
          <reporter-output>
          </reporter-output>
        </test-method> <!-- selectSingleContactsTest -->
        <test-method status="PASS" signature="tearDown()[pri:0, instance:com.qa.crm.testcases.ContactsPageTest@4667ae56]" name="tearDown" is-config="true" duration-ms="3652" started-at="2019-03-13T08:22:41Z" finished-at="2019-03-13T08:22:45Z">
          <reporter-output>
          </reporter-output>
        </test-method> <!-- tearDown -->
        <test-method status="PASS" signature="setUp()[pri:0, instance:com.qa.crm.testcases.ContactsPageTest@4667ae56]" name="setUp" is-config="true" duration-ms="33406" started-at="2019-03-13T08:23:54Z" finished-at="2019-03-13T08:24:28Z">
          <reporter-output>
          </reporter-output>
        </test-method> <!-- setUp -->
        <test-method status="PASS" signature="selectMultipleContactsTest()[pri:3, instance:com.qa.crm.testcases.ContactsPageTest@4667ae56]" name="selectMultipleContactsTest" duration-ms="531" started-at="2019-03-13T08:24:28Z" finished-at="2019-03-13T08:24:28Z">
          <reporter-output>
          </reporter-output>
        </test-method> <!-- selectMultipleContactsTest -->
        <test-method status="PASS" signature="tearDown()[pri:0, instance:com.qa.crm.testcases.ContactsPageTest@4667ae56]" name="tearDown" is-config="true" duration-ms="3870" started-at="2019-03-13T08:24:28Z" finished-at="2019-03-13T08:24:32Z">
          <reporter-output>
          </reporter-output>
        </test-method> <!-- tearDown -->
        <test-method status="PASS" signature="setUp()[pri:0, instance:com.qa.crm.testcases.ContactsPageTest@4667ae56]" name="setUp" is-config="true" duration-ms="33790" started-at="2019-03-13T08:24:34Z" finished-at="2019-03-13T08:25:07Z">
          <reporter-output>
          </reporter-output>
        </test-method> <!-- setUp -->
        <test-method status="PASS" signature="validateCreateNewContact(java.lang.String, java.lang.String, java.lang.String, java.lang.String)[pri:4, instance:com.qa.crm.testcases.ContactsPageTest@4667ae56]" name="validateCreateNewContact" duration-ms="4830" started-at="2019-03-13T08:25:07Z" data-provider="getCRMTestData" finished-at="2019-03-13T08:25:12Z">
          <params>
            <param index="0">
              <value>
                <![CDATA[Mr.]]>
              </value>
            </param>
            <param index="1">
              <value>
                <![CDATA[Tom]]>
              </value>
            </param>
            <param index="2">
              <value>
                <![CDATA[Peter]]>
              </value>
            </param>
            <param index="3">
              <value>
                <![CDATA[Google]]>
              </value>
            </param>
          </params>
          <reporter-output>
          </reporter-output>
        </test-method> <!-- validateCreateNewContact -->
        <test-method status="PASS" signature="tearDown()[pri:0, instance:com.qa.crm.testcases.ContactsPageTest@4667ae56]" name="tearDown" is-config="true" duration-ms="3463" started-at="2019-03-13T08:25:12Z" finished-at="2019-03-13T08:25:16Z">
          <reporter-output>
          </reporter-output>
        </test-method> <!-- tearDown -->
        <test-method status="PASS" signature="setUp()[pri:0, instance:com.qa.crm.testcases.ContactsPageTest@4667ae56]" name="setUp" is-config="true" duration-ms="33097" started-at="2019-03-13T08:25:16Z" finished-at="2019-03-13T08:25:49Z">
          <reporter-output>
          </reporter-output>
        </test-method> <!-- setUp -->
        <test-method status="PASS" signature="validateCreateNewContact(java.lang.String, java.lang.String, java.lang.String, java.lang.String)[pri:4, instance:com.qa.crm.testcases.ContactsPageTest@4667ae56]" name="validateCreateNewContact" duration-ms="4771" started-at="2019-03-13T08:25:49Z" data-provider="getCRMTestData" finished-at="2019-03-13T08:25:54Z">
          <params>
            <param index="0">
              <value>
                <![CDATA[Dr.]]>
              </value>
            </param>
            <param index="1">
              <value>
                <![CDATA[David]]>
              </value>
            </param>
            <param index="2">
              <value>
                <![CDATA[Chris]]>
              </value>
            </param>
            <param index="3">
              <value>
                <![CDATA[Amazon]]>
              </value>
            </param>
          </params>
          <reporter-output>
          </reporter-output>
        </test-method> <!-- validateCreateNewContact -->
        <test-method status="PASS" signature="tearDown()[pri:0, instance:com.qa.crm.testcases.ContactsPageTest@4667ae56]" name="tearDown" is-config="true" duration-ms="3648" started-at="2019-03-13T08:25:54Z" finished-at="2019-03-13T08:25:57Z">
          <reporter-output>
          </reporter-output>
        </test-method> <!-- tearDown -->
        <test-method status="PASS" signature="setUp()[pri:0, instance:com.qa.crm.testcases.ContactsPageTest@4667ae56]" name="setUp" is-config="true" duration-ms="34016" started-at="2019-03-13T08:25:57Z" finished-at="2019-03-13T08:26:31Z">
          <reporter-output>
          </reporter-output>
        </test-method> <!-- setUp -->
        <test-method status="PASS" signature="validateCreateNewContact(java.lang.String, java.lang.String, java.lang.String, java.lang.String)[pri:4, instance:com.qa.crm.testcases.ContactsPageTest@4667ae56]" name="validateCreateNewContact" duration-ms="4338" started-at="2019-03-13T08:26:31Z" data-provider="getCRMTestData" finished-at="2019-03-13T08:26:36Z">
          <params>
            <param index="0">
              <value>
                <![CDATA[Mr.]]>
              </value>
            </param>
            <param index="1">
              <value>
                <![CDATA[Sajid]]>
              </value>
            </param>
            <param index="2">
              <value>
                <![CDATA[Rahman]]>
              </value>
            </param>
            <param index="3">
              <value>
                <![CDATA[Biman Airlines]]>
              </value>
            </param>
          </params>
          <reporter-output>
          </reporter-output>
        </test-method> <!-- validateCreateNewContact -->
        <test-method status="PASS" signature="tearDown()[pri:0, instance:com.qa.crm.testcases.ContactsPageTest@4667ae56]" name="tearDown" is-config="true" duration-ms="3212" started-at="2019-03-13T08:26:36Z" finished-at="2019-03-13T08:26:39Z">
          <reporter-output>
          </reporter-output>
        </test-method> <!-- tearDown -->
      </class> <!-- com.qa.crm.testcases.ContactsPageTest -->
      <class name="com.qa.crm.testcases.LoginPageTest">
        <test-method status="PASS" signature="setUp()[pri:0, instance:com.qa.crm.testcases.LoginPageTest@548e7350]" name="setUp" is-config="true" duration-ms="26274" started-at="2019-03-13T08:19:28Z" finished-at="2019-03-13T08:19:54Z">
          <reporter-output>
          </reporter-output>
        </test-method> <!-- setUp -->
        <test-method status="PASS" signature="loginPageTitleTest()[pri:1, instance:com.qa.crm.testcases.LoginPageTest@548e7350]" name="loginPageTitleTest" duration-ms="106" started-at="2019-03-13T08:19:54Z" finished-at="2019-03-13T08:19:54Z">
          <reporter-output>
          </reporter-output>
        </test-method> <!-- loginPageTitleTest -->
        <test-method status="PASS" signature="tearDown()[pri:0, instance:com.qa.crm.testcases.LoginPageTest@548e7350]" name="tearDown" is-config="true" duration-ms="3805" started-at="2019-03-13T08:19:54Z" finished-at="2019-03-13T08:19:58Z">
          <reporter-output>
          </reporter-output>
        </test-method> <!-- tearDown -->
        <test-method status="PASS" signature="setUp()[pri:0, instance:com.qa.crm.testcases.LoginPageTest@548e7350]" name="setUp" is-config="true" duration-ms="20224" started-at="2019-03-13T08:21:08Z" finished-at="2019-03-13T08:21:28Z">
          <reporter-output>
          </reporter-output>
        </test-method> <!-- setUp -->
        <test-method status="PASS" signature="crmLogoImgTest()[pri:2, instance:com.qa.crm.testcases.LoginPageTest@548e7350]" name="crmLogoImgTest" duration-ms="179" started-at="2019-03-13T08:21:28Z" finished-at="2019-03-13T08:21:29Z">
          <reporter-output>
          </reporter-output>
        </test-method> <!-- crmLogoImgTest -->
        <test-method status="PASS" signature="tearDown()[pri:0, instance:com.qa.crm.testcases.LoginPageTest@548e7350]" name="tearDown" is-config="true" duration-ms="3094" started-at="2019-03-13T08:21:29Z" finished-at="2019-03-13T08:21:32Z">
          <reporter-output>
          </reporter-output>
        </test-method> <!-- tearDown -->
        <test-method status="PASS" signature="setUp()[pri:0, instance:com.qa.crm.testcases.LoginPageTest@548e7350]" name="setUp" is-config="true" duration-ms="24068" started-at="2019-03-13T08:22:45Z" finished-at="2019-03-13T08:23:09Z">
          <reporter-output>
          </reporter-output>
        </test-method> <!-- setUp -->
        <test-method status="PASS" signature="loginTest()[pri:3, instance:com.qa.crm.testcases.LoginPageTest@548e7350]" name="loginTest" duration-ms="5311" started-at="2019-03-13T08:23:09Z" finished-at="2019-03-13T08:23:14Z">
          <reporter-output>
          </reporter-output>
        </test-method> <!-- loginTest -->
        <test-method status="PASS" signature="tearDown()[pri:0, instance:com.qa.crm.testcases.LoginPageTest@548e7350]" name="tearDown" is-config="true" duration-ms="3491" started-at="2019-03-13T08:23:14Z" finished-at="2019-03-13T08:23:18Z">
          <reporter-output>
          </reporter-output>
        </test-method> <!-- tearDown -->
      </class> <!-- com.qa.crm.testcases.LoginPageTest -->
      <class name="com.qa.crm.testcases.HomePageTest">
        <test-method status="PASS" signature="setUp()[pri:0, instance:com.qa.crm.testcases.HomePageTest@1a968a59]" name="setUp" is-config="true" duration-ms="27835" started-at="2019-03-13T08:19:58Z" finished-at="2019-03-13T08:20:26Z">
          <reporter-output>
          </reporter-output>
        </test-method> <!-- setUp -->
        <test-method status="PASS" signature="verifyHomePageTitleTest()[pri:1, instance:com.qa.crm.testcases.HomePageTest@1a968a59]" name="verifyHomePageTitleTest" duration-ms="4069" started-at="2019-03-13T08:20:26Z" finished-at="2019-03-13T08:20:30Z">
          <reporter-output>
          </reporter-output>
        </test-method> <!-- verifyHomePageTitleTest -->
        <test-method status="PASS" signature="tearDown()[pri:0, instance:com.qa.crm.testcases.HomePageTest@1a968a59]" name="tearDown" is-config="true" duration-ms="3265" started-at="2019-03-13T08:20:30Z" finished-at="2019-03-13T08:20:33Z">
          <reporter-output>
          </reporter-output>
        </test-method> <!-- tearDown -->
        <test-method status="PASS" signature="setUp()[pri:0, instance:com.qa.crm.testcases.HomePageTest@1a968a59]" name="setUp" is-config="true" duration-ms="27302" started-at="2019-03-13T08:21:32Z" finished-at="2019-03-13T08:21:59Z">
          <reporter-output>
          </reporter-output>
        </test-method> <!-- setUp -->
        <test-method status="PASS" signature="verifyUserNameTest()[pri:2, instance:com.qa.crm.testcases.HomePageTest@1a968a59]" name="verifyUserNameTest" duration-ms="4599" started-at="2019-03-13T08:21:59Z" finished-at="2019-03-13T08:22:04Z">
          <reporter-output>
          </reporter-output>
        </test-method> <!-- verifyUserNameTest -->
        <test-method status="PASS" signature="tearDown()[pri:0, instance:com.qa.crm.testcases.HomePageTest@1a968a59]" name="tearDown" is-config="true" duration-ms="3277" started-at="2019-03-13T08:22:04Z" finished-at="2019-03-13T08:22:07Z">
          <reporter-output>
          </reporter-output>
        </test-method> <!-- tearDown -->
        <test-method status="PASS" signature="setUp()[pri:0, instance:com.qa.crm.testcases.HomePageTest@1a968a59]" name="setUp" is-config="true" duration-ms="27305" started-at="2019-03-13T08:23:18Z" finished-at="2019-03-13T08:23:45Z">
          <reporter-output>
          </reporter-output>
        </test-method> <!-- setUp -->
        <test-method status="PASS" signature="verifyContactsLinkTest()[pri:3, instance:com.qa.crm.testcases.HomePageTest@1a968a59]" name="verifyContactsLinkTest" duration-ms="5560" started-at="2019-03-13T08:23:45Z" finished-at="2019-03-13T08:23:51Z">
          <reporter-output>
          </reporter-output>
        </test-method> <!-- verifyContactsLinkTest -->
        <test-method status="PASS" signature="tearDown()[pri:0, instance:com.qa.crm.testcases.HomePageTest@1a968a59]" name="tearDown" is-config="true" duration-ms="3355" started-at="2019-03-13T08:23:51Z" finished-at="2019-03-13T08:23:54Z">
          <reporter-output>
          </reporter-output>
        </test-method> <!-- tearDown -->
      </class> <!-- com.qa.crm.testcases.HomePageTest -->
    </test> <!-- Free CRM App Test Cases -->
  </suite> <!-- Free CRM Application Test Automation Test Suite -->
</testng-results>
