<?xml version="1.0" encoding="UTF-8"?>
<!-- Generated by org.testng.reporters.JUnitXMLReporter -->
<testsuite hostname="Imtiaz" ignored="0" name="Free CRM App Test Cases" tests="12" failures="0" timestamp="13 Mar 2019 08:26:39 GMT" time="430.76" errors="0">
  <testcase name="loginPageTitleTest" time="0.106" classname="com.qa.crm.testcases.LoginPageTest"/>
  <testcase name="verifyHomePageTitleTest" time="4.069" classname="com.qa.crm.testcases.HomePageTest"/>
  <testcase name="verifyContactsPageLabel" time="0.118" classname="com.qa.crm.testcases.ContactsPageTest"/>
  <testcase name="crmLogoImgTest" time="0.179" classname="com.qa.crm.testcases.LoginPageTest"/>
  <testcase name="verifyUserNameTest" time="4.599" classname="com.qa.crm.testcases.HomePageTest"/>
  <testcase name="selectSingleContactsTest" time="0.299" classname="com.qa.crm.testcases.ContactsPageTest"/>
  <testcase name="loginTest" time="5.311" classname="com.qa.crm.testcases.LoginPageTest"/>
  <testcase name="verifyContactsLinkTest" time="5.56" classname="com.qa.crm.testcases.HomePageTest"/>
  <testcase name="selectMultipleContactsTest" time="0.531" classname="com.qa.crm.testcases.ContactsPageTest"/>
  <testcase name="validateCreateNewContact" time="4.83" classname="com.qa.crm.testcases.ContactsPageTest"/>
  <testcase name="validateCreateNewContact" time="4.771" classname="com.qa.crm.testcases.ContactsPageTest"/>
  <testcase name="validateCreateNewContact" time="4.338" classname="com.qa.crm.testcases.ContactsPageTest"/>
</testsuite> <!-- Free CRM App Test Cases -->
