<?xml version="1.0" encoding="UTF-8"?>
<!-- Generated by org.testng.reporters.JUnitXMLReporter -->
<testsuite hostname="Imtiaz" ignored="0" name="Default test" tests="6" failures="0" timestamp="13 Mar 2019 08:18:02 GMT" time="238.913" errors="0">
  <testcase name="verifyContactsPageLabel" time="0.166" classname="com.qa.crm.testcases.ContactsPageTest"/>
  <testcase name="selectSingleContactsTest" time="0.306" classname="com.qa.crm.testcases.ContactsPageTest"/>
  <testcase name="selectMultipleContactsTest" time="0.54" classname="com.qa.crm.testcases.ContactsPageTest"/>
  <testcase name="validateCreateNewContact" time="4.807" classname="com.qa.crm.testcases.ContactsPageTest"/>
  <testcase name="validateCreateNewContact" time="4.529" classname="com.qa.crm.testcases.ContactsPageTest"/>
  <testcase name="validateCreateNewContact" time="4.795" classname="com.qa.crm.testcases.ContactsPageTest"/>
</testsuite> <!-- Default test -->
